<?xml version="1.0" encoding="UTF-8"?>
<persistence version="2.1" xmlns="http://java.sun.com/xml/ns/persistence" xmlns:xsi="http://www.w3.org/2001/XMLSchema-instance" xsi:schemaLocation="http://xmlns.jcp.org/xml/ns/persistence http://xmlns.jcp.org/xml/ns/persistence/persistence_2_1.xsd">
	<persistence-unit name="arquillian" transaction-type="JTA">
		<provider>org.hibernate.ejb.HibernatePersistence</provider>
		<jta-data-source>arquillian/dataSource</jta-data-source>
		<!-- <shared-cache-mode>ENABLE_SELECTIVE</shared-cache-mode> -->
		<properties>
			<property name="hibernate.hbm2ddl.auto" value="create-drop"/>
			<property name = "hibernate.show_sql" value = "true" />
			<property name = "hibernate.format_sql" value = "true" />
		</properties>
	</persistence-unit>
</persistence>
